<?xml version="1.0" encoding="UTF-8"?>
<!-- Generated by org.testng.reporters.JUnitXMLReporter -->
<testsuite hostname="LAPTOP-5M6A98T7" name="Default test" tests="3" failures="0" timestamp="16 Mar 2019 08:57:41 GMT" time="45.24" errors="0">
  <testcase name="hrmLoginpage" time="3.142" classname="testCases.TestCase4"/>
  <testcase name="hrmLoginpage" time="20.818" classname="testCases.TestCase4"/>
  <testcase name="hrmLoginpage" time="21.232" classname="testCases.TestCase4"/>
</testsuite> <!-- Default test -->
